 X:   Y:       Z:  Golden_Z Correct
9efa fd5 || 0104c02 0104c02 || 1
cc16 a20 || 130fec0 130fec0 || 1
e0db a43 || 0b2b751 0b2b751 || 1
3b88 a9b || ebedb58 ebedb58 || 1
846e 9a1 || 313472e 313472e || 1
d4d6 ce9 || 0855ec6 0855ec6 || 1
aaa5 e3b || 0970a07 0970a07 || 1
e635 668 || f5ac388 f5ac388 || 1
ff9b 7ef || ffcdeb5 ffcdeb5 || 1
ea28 db9 || 031bee8 031bee8 || 1
9ae6 b37 || 1e3c96a 1e3c96a || 1
0cac 459 || 03717cc 03717cc || 1
a793 1fd || f502f47 f502f47 || 1
5717 a98 || e292ba8 e292ba8 || 1
c5ee 910 || 192dce0 192dce0 || 1
737f 4d8 || 22f6f28 22f6f28 || 1
416c d36 || f4988c8 f4988c8 || 1
9ffb 78e || d2a9a3a d2a9a3a || 1
aa34 80f || 2a9590c 2a9590c || 1
3643 ae1 || eea1ee3 eea1ee3 || 1
0a66 257 || 01854aa 01854aa || 1
90a7 5a9 || d89c13f d89c13f || 1
91f1 548 || dbac0c8 dbac0c8 || 1
2b81 c17 || f55e497 f55e497 || 1
d9d0 c69 || 0891650 0891650 || 1
579a ef4 || fa44ac8 fa44ac8 || 1
a542 52b || e2b0c16 e2b0c16 || 1
30a3 32b || 09a1461 09a1461 || 1
2643 fb6 || ff4f0a2 ff4f0a2 || 1
64c6 ac3 || df01ed2 df01ed2 || 1
0148 b34 || ff9daa0 ff9daa0 || 1
df1a 4b0 || f65c9e0 f65c9e0 || 1
174b cf0 || fb8aa50 fb8aa50 || 1
a3f1 f89 || 02acaf9 02acaf9 || 1
1534 247 || 030496c 030496c || 1
400c 307 || 0c1e454 0c1e454 || 1
f435 1fe || fe88196 fe88196 || 1
fd5c e9d || 003a96c 003a96c || 1
cb08 aeb || 10d3058 10d3058 || 1
a39a f53 || 03e70ee 03e70ee || 1
d1b9 28e || f89c69e f89c69e || 1
9cf8 ff5 || 0044158 0044158 || 1
e09a 8b7 || 0e4be16 0e4be16 || 1
b663 7c9 || dc2e8bb dc2e8bb || 1
271f 1f2 || 04c1a4e 04c1a4e || 1
6369 271 || 0f2b359 0f2b359 || 1
086d 810 || fbd1ed0 fbd1ed0 || 1
3704 aa1 || ed88184 ed88184 || 1
0ab9 f3c || ff7ca5c ff7ca5c || 1
6e2d 999 || d3e9de5 d3e9de5 || 1
3a5e 6e9 || 193538e 193538e || 1
5d36 c41 || ea2d2b6 ea2d2b6 || 1
3bb2 5cf || 15abeee 15abeee || 1
6f52 62e || 2afecbc 2afecbc || 1
1eef d25 || fa7ab8b fa7ab8b || 1
8a77 b3d || 22fab5b 22fab5b || 1
df6f cda || 0668886 0668886 || 1
9adf 0cc || faf69b4 faf69b4 || 1
7943 e41 || f2c4403 f2c4403 || 1
43d7 9ec || e63a934 e63a934 || 1
4080 e99 || fa58c80 fa58c80 || 1
5034 627 || 1ed6fec 1ed6fec || 1
8469 b9e || 21dabce 21dabce || 1
e4de 481 || f85cbde f85cbde || 1
24b0 c8b || f812b90 f812b90 || 1
74d2 30a || 1630634 1630634 || 1
320f 6c8 || 15375b8 15375b8 || 1
ac17 c67 || 12de141 12de141 || 1
4f1f 695 || 208c70b 208c70b || 1
2d29 18a || 045811a 045811a || 1
8419 ba1 || 21d96b9 21d96b9 || 1
8e77 62a || d442986 d442986 || 1
5e66 340 || 132cb80 132cb80 || 1
f2fe 981 || 0547ffe 0547ffe || 1
da24 b92 || 0a7b488 0a7b488 || 1
3424 101 || 0345824 0345824 || 1
ee0e be2 || 049e25c 049e25c || 1
efc7 d42 || 02c7c4e 02c7c4e || 1
801c 746 || c5dcba8 c5dcba8 || 1
d9cd 48e || f5203b6 f5203b6 || 1
0caf 225 || 01b334b 01b334b || 1
e4b0 3ff || f92db50 f92db50 || 1
ccbb d45 || 08bfd67 08bfd67 || 1
2028 cbb || f96dd38 f96dd38 || 1
570f 572 || 1da0fae 1da0fae || 1
907c 208 || f1d7be0 f1d7be0 || 1
4f57 5b8 || 1c5b988 1c5b988 || 1
8fb8 c08 || 1bd9dc0 1bd9dc0 || 1
100a f34 || ff33808 ff33808 || 1
f3f9 c6a || 02b211a 02b211a || 1
8faf 2b7 || ecf1419 ecf1419 || 1
2111 ffb || fff5aab fff5aab || 1
2e0d 507 || 0e7835b 0e7835b || 1
7f95 8fe || c81edd6 c81edd6 || 1
deb4 76b || f09013c f09013c || 1
d3b0 475 || f3a7f70 f3a7f70 || 1
1d2c 9c5 || f4a3edc f4a3edc || 1
3dd1 bd0 || efd24d0 efd24d0 || 1
c5cf c13 || 0e4725d 0e4725d || 1
6185 0ba || 046daa2 046daa2 || 1
34bf 46b || 0e907d5 0e907d5 || 1
bcf2 7cd || df4ebca df4ebca || 1
e1be b4f || 08df3a2 08df3a2 || 1
43d4 a2b || e746c9c e746c9c || 1
d5dc 5d8 || f09bda0 f09bda0 || 1
ddf5 936 || 0e71eae 0e71eae || 1
020c 51c || 00a7550 00a7550 || 1
4918 70f || 203f068 203f068 || 1
5245 9eb || e0ba257 e0ba257 || 1
553e f2e || fba1324 fba1324 || 1
c291 dde || 08306be 08306be || 1
fffa 9aa || 0002604 0002604 || 1
ced1 86d || 17486fd 17486fd || 1
c776 346 || f46ec44 f46ec44 || 1
3f93 1fb || 07de821 07de821 || 1
e1e4 d34 || 0543650 0543650 || 1
f875 c1c || 01d58cc 01d58cc || 1
fe1e f38 || 0017890 0017890 || 1
5933 dc6 || f396472 f396472 || 1
5a69 5a4 || 1fdf844 1fdf844 || 1
2ab6 63d || 10a715e 10a715e || 1
ccbf 8d3 || 16fc96d 16fc96d || 1
01fa 6a4 || 00d2028 00d2028 || 1
b7f2 e7b || 06d7d46 06d7d46 || 1
5f4a 019 || 0094e3a 0094e3a || 1
d9be 000 || 0000000 0000000 || 1
c859 a1e || 147646e 147646e || 1
78c8 6a7 || 3237a78 3237a78 || 1
d5fa c88 || 091c4d0 091c4d0 || 1
f432 e38 || 01506f0 01506f0 || 1
0faa f20 || ff24b40 ff24b40 || 1
8014 c09 || 1fb30b4 1fb30b4 || 1
2840 aec || f339b00 f339b00 || 1
90c8 f0a || 06adfd0 06adfd0 || 1
facb 853 || 027f7d1 027f7d1 || 1
123b aeb || fa35a29 fa35a29 || 1
8b63 1bd || f354b17 f354b17 || 1
1acc 012 || 001e258 001e258 || 1
d975 629 || f1291bd f1291bd || 1
d7ec 880 || 12c9600 12c9600 || 1
d05d 560 || efff3e0 efff3e0 || 1
2303 130 || 0299390 0299390 || 1
87d1 5ac || d56556c d56556c || 1
c04d b63 || 125dcc7 125dcc7 || 1
ab9e ce2 || 107097c 107097c || 1
2079 7d4 || 0fe3334 0fe3334 || 1
16fe 0dd || 013d946 013d946 || 1
dde1 824 || 10c2ba4 10c2ba4 || 1
e362 250 || fbdd2a0 fbdd2a0 || 1
6338 6ab || 2959668 2959668 || 1
201a c56 || f8a60bc f8a60bc || 1
bca7 732 || e1b699e e1b699e || 1
723e 837 || c869b52 c869b52 || 1
a04a 918 || 29500f0 29500f0 || 1
cde3 393 || f4ce259 f4ce259 || 1
a816 0b8 || fc0cfd0 fc0cfd0 || 1
be1b c40 || 0f71ac0 0f71ac0 || 1
ed01 d8a || 02ebf8a 02ebf8a || 1
4773 1f5 || 08bd40f 08bd40f || 1
bbed ae1 || 15c9d4d 15c9d4d || 1
652f 5bd || 2449eb3 2449eb3 || 1
ed95 f26 || 00faf1e 00faf1e || 1
3627 d33 || f6854c5 f6854c5 || 1
ebde fa0 || 0078cc0 0078cc0 || 1
a823 8d7 || 2751d65 2751d65 || 1
18da 729 || 0b1f0ea 0b1f0ea || 1
2556 67c || 0f219a8 0f219a8 || 1
ad99 6eb || dc5f173 dc5f173 || 1
11fc 563 || 060e074 060e074 || 1
ab36 9aa || 21937dc 21937dc || 1
74a6 16c || 0a5dc08 0a5dc08 || 1
5a5b 57e || 1f03fca 1f03fca || 1
ade9 bb3 || 1610ceb 1610ceb || 1
0082 fe9 || ffff452 ffff452 || 1
9b00 909 || 2bf7300 2bf7300 || 1
175a af0 || f89c860 f89c860 || 1
f1b0 4d8 || fbaac80 fbaac80 || 1
5325 a90 || e3be6d0 e3be6d0 || 1
c04e 1f5 || f8358a6 f8358a6 || 1
b482 85d || 240833a 240833a || 1
56ad 201 || 0adb0ad 0adb0ad || 1
3ca1 e25 || f8f8145 f8f8145 || 1
c251 c17 || 0f13147 0f13147 || 1
5465 d02 || f0379ca f0379ca || 1
39fe f27 || fced7b2 fced7b2 || 1
6ed4 6b3 || 2e6763c 2e6763c || 1
e8e9 2eb || fbc9fe3 fbc9fe3 || 1
3306 e96 || fb7d984 fb7d984 || 1
e49c 6cc || f45d450 f45d450 || 1
8a93 679 || d07f17b d07f17b || 1
82e4 eb4 || 0a24050 0a24050 || 1
35ea a0a || ebe9f24 ebe9f24 || 1
d9ca ed4 || 02cc748 02cc748 || 1
067b 5c1 || 02549bb 02549bb || 1
6d76 0b4 || 04cf6f8 04cf6f8 || 1
36f9 a95 || ed628ed ed628ed || 1
f402 f43 || 008da86 008da86 || 1
8158 bc0 || 21a4a00 21a4a00 || 1
0118 5a0 || 0062700 0062700 || 1
2629 87f || ee1a657 ee1a657 || 1
66e6 7cb || 321e262 321e262 || 1
0335 1be || 0059656 0059656 || 1
665b bd0 || e5362f0 e5362f0 || 1
3138 824 || e7d2be0 e7d2be0 || 1
499e 621 || 1c3315e 1c3315e || 1
cfbe 20b || f9d692a f9d692a || 1
e69e d71 || 040f1be 040f1be || 1
720d 128 || 083df08 083df08 || 1
7462 495 || 215450a 215450a || 1
6a4a 2a9 || 11abeda 11abeda || 1
2ae7 f89 || fec0e9f fec0e9f || 1
107e cbd || fca3506 fca3506 || 1
a846 5e5 || dfae49e dfae49e || 1
e998 421 || fa37c98 fa37c98 || 1
1f6a 806 || f056c7c f056c7c || 1
974a fc5 || 01821f2 01821f2 || 1
c5b1 9c7 || 16ad597 16ad597 || 1
c684 ac2 || 12d5808 12d5808 || 1
d7f7 d2e || 070e962 070e962 || 1
b057 db9 || 0b569df 0b569df || 1
9bd3 d91 || 0f3c983 0f3c983 || 1
36be 4c3 || 104aaba 104aaba || 1
b9db 72f || e081c35 e081c35 || 1
94a3 d05 || 13ffe2f 13ffe2f || 1
3739 485 || 0f9949d 0f9949d || 1
ab0f ede || 0603902 0603902 || 1
7779 18a || 0b7e03a 0b7e03a || 1
f7d7 a37 || 02f3531 02f3531 || 1
fb12 836 || 02665cc 02665cc || 1
d8f7 43e || f5a67d2 f5a67d2 || 1
ce82 f72 || 01b73e4 01b73e4 || 1
a447 dc3 || 0cd4d15 0cd4d15 || 1
9be8 dfd || 0c95c48 0c95c48 || 1
3f44 f86 || fe1d998 fe1d998 || 1
ab7b bf5 || 155b5b7 155b5b7 || 1
644a f68 || fc47410 fc47410 || 1
747b c37 || e471a6d e471a6d || 1
ec06 724 || f715ad8 f715ad8 || 1
e7c5 b7c || 06d6a6c 06d6a6c || 1
a5d1 72d || d78dcbd d78dcbd || 1
dba1 921 || 0f9e8c1 0f9e8c1 || 1
72bc 9be || d320388 d320388 || 1
c96a 92a || 1752564 1752564 || 1
3757 573 || 12d8f15 12d8f15 || 1
28f3 7a5 || 139099f 139099f || 1
7d08 26c || 12ecf60 12ecf60 || 1
6336 0f1 || 05d65d6 05d65d6 || 1
ca6c f50 || 024d5c0 024d5c0 || 1
300e 927 || eb6f022 eb6f022 || 1
faa0 7a5 || fd6e920 fd6e920 || 1
e7ff 33d || fb244c3 fb244c3 || 1
7a5f 7e0 || 3c3ac20 3c3ac20 || 1
c85b 96d || 16dd1bf 16dd1bf || 1
da31 398 || f782018 f782018 || 1
3c27 d53 || f5f0ba5 f5f0ba5 || 1
8b1a 238 || efca1b0 efca1b0 || 1
